CRITICAL - 2024-03-22 07:04:57 --> CodeIgniter\View\Exceptions\ViewException: Invalid file: "login.php"
in SYSTEMPATH\Exceptions\FrameworkException.php on line 39.
 1 SYSTEMPATH\View\View.php(216): CodeIgniter\Exceptions\FrameworkException::forInvalidFile('login.php')
 2 SYSTEMPATH\Common.php(1178): CodeIgniter\View\View->render('login', [], true)
 3 APPPATH\Controllers\Home.php(13): view('login')
 4 SYSTEMPATH\CodeIgniter.php(941): App\Controllers\Home->index()
 5 SYSTEMPATH\CodeIgniter.php(502): CodeIgniter\CodeIgniter->runController(Object(App\Controllers\Home))
 6 SYSTEMPATH\CodeIgniter.php(361): CodeIgniter\CodeIgniter->handleRequest(null, Object(Config\Cache), false)
 7 FCPATH\index.php(79): CodeIgniter\CodeIgniter->run()
CRITICAL - 2024-03-22 07:04:59 --> CodeIgniter\View\Exceptions\ViewException: Invalid file: "login.php"
in SYSTEMPATH\Exceptions\FrameworkException.php on line 39.
 1 SYSTEMPATH\View\View.php(216): CodeIgniter\Exceptions\FrameworkException::forInvalidFile('login.php')
 2 SYSTEMPATH\Common.php(1178): CodeIgniter\View\View->render('login', [], true)
 3 APPPATH\Controllers\Home.php(13): view('login')
 4 SYSTEMPATH\CodeIgniter.php(941): App\Controllers\Home->index()
 5 SYSTEMPATH\CodeIgniter.php(502): CodeIgniter\CodeIgniter->runController(Object(App\Controllers\Home))
 6 SYSTEMPATH\CodeIgniter.php(361): CodeIgniter\CodeIgniter->handleRequest(null, Object(Config\Cache), false)
 7 FCPATH\index.php(79): CodeIgniter\CodeIgniter->run()
CRITICAL - 2024-03-22 08:50:48 --> ErrorException: Undefined property: App\Controllers\Home::$session
in APPPATH\Controllers\Home.php on line 55.
 1 APPPATH\Controllers\Home.php(55): CodeIgniter\Debug\Exceptions->errorHandler(2, 'Undefined property: App\\Controllers\\Home::$session', 'C:\\xampp\\htdocs\\equrban-lrt\\app\\Controllers\\Home.php', 55)
 2 SYSTEMPATH\CodeIgniter.php(941): App\Controllers\Home->do_login()
 3 SYSTEMPATH\CodeIgniter.php(502): CodeIgniter\CodeIgniter->runController(Object(App\Controllers\Home))
 4 SYSTEMPATH\CodeIgniter.php(361): CodeIgniter\CodeIgniter->handleRequest(null, Object(Config\Cache), false)
 5 FCPATH\index.php(79): CodeIgniter\CodeIgniter->run()
CRITICAL - 2024-03-22 08:54:06 --> Error: Class "BaseController" not found
in APPPATH\Controllers\Home.php on line 4.
 1 SYSTEMPATH\Autoloader\Autoloader.php(311): include_once()
 2 SYSTEMPATH\Autoloader\Autoloader.php(290): CodeIgniter\Autoloader\Autoloader->includeFile('C:\\xampp\\htdocs\\equrban-lrt\\app\\Controllers\\Home.php')
 3 SYSTEMPATH\Autoloader\Autoloader.php(266): CodeIgniter\Autoloader\Autoloader->loadInNamespace('App\\Controllers\\Home')
 4 [internal function]: CodeIgniter\Autoloader\Autoloader->loadClass('App\\Controllers\\Home')
 5 SYSTEMPATH\CodeIgniter.php(899): class_exists('\\App\\Controllers\\Home', true)
 6 SYSTEMPATH\CodeIgniter.php(489): CodeIgniter\CodeIgniter->startController()
 7 SYSTEMPATH\CodeIgniter.php(361): CodeIgniter\CodeIgniter->handleRequest(null, Object(Config\Cache), false)
 8 FCPATH\index.php(79): CodeIgniter\CodeIgniter->run()
CRITICAL - 2024-03-22 08:54:07 --> Error: Class "BaseController" not found
in APPPATH\Controllers\Home.php on line 4.
 1 SYSTEMPATH\Autoloader\Autoloader.php(311): include_once()
 2 SYSTEMPATH\Autoloader\Autoloader.php(290): CodeIgniter\Autoloader\Autoloader->includeFile('C:\\xampp\\htdocs\\equrban-lrt\\app\\Controllers\\Home.php')
 3 SYSTEMPATH\Autoloader\Autoloader.php(266): CodeIgniter\Autoloader\Autoloader->loadInNamespace('App\\Controllers\\Home')
 4 [internal function]: CodeIgniter\Autoloader\Autoloader->loadClass('App\\Controllers\\Home')
 5 SYSTEMPATH\CodeIgniter.php(899): class_exists('\\App\\Controllers\\Home', true)
 6 SYSTEMPATH\CodeIgniter.php(489): CodeIgniter\CodeIgniter->startController()
 7 SYSTEMPATH\CodeIgniter.php(361): CodeIgniter\CodeIgniter->handleRequest(null, Object(Config\Cache), false)
 8 FCPATH\index.php(79): CodeIgniter\CodeIgniter->run()
CRITICAL - 2024-03-22 09:10:30 --> ErrorException: Undefined property: App\Controllers\Home::$session
in APPPATH\Controllers\Home.php on line 59.
 1 APPPATH\Controllers\Home.php(59): CodeIgniter\Debug\Exceptions->errorHandler(2, 'Undefined property: App\\Controllers\\Home::$session', 'C:\\xampp\\htdocs\\equrban-lrt\\app\\Controllers\\Home.php', 59)
 2 SYSTEMPATH\CodeIgniter.php(941): App\Controllers\Home->do_login()
 3 SYSTEMPATH\CodeIgniter.php(502): CodeIgniter\CodeIgniter->runController(Object(App\Controllers\Home))
 4 SYSTEMPATH\CodeIgniter.php(361): CodeIgniter\CodeIgniter->handleRequest(null, Object(Config\Cache), false)
 5 FCPATH\index.php(79): CodeIgniter\CodeIgniter->run()
CRITICAL - 2024-03-22 09:10:45 --> ErrorException: Undefined property: App\Controllers\Home::$session
in APPPATH\Controllers\Home.php on line 59.
 1 APPPATH\Controllers\Home.php(59): CodeIgniter\Debug\Exceptions->errorHandler(2, 'Undefined property: App\\Controllers\\Home::$session', 'C:\\xampp\\htdocs\\equrban-lrt\\app\\Controllers\\Home.php', 59)
 2 SYSTEMPATH\CodeIgniter.php(941): App\Controllers\Home->do_login()
 3 SYSTEMPATH\CodeIgniter.php(502): CodeIgniter\CodeIgniter->runController(Object(App\Controllers\Home))
 4 SYSTEMPATH\CodeIgniter.php(361): CodeIgniter\CodeIgniter->handleRequest(null, Object(Config\Cache), false)
 5 FCPATH\index.php(79): CodeIgniter\CodeIgniter->run()
CRITICAL - 2024-03-22 09:13:06 --> ErrorException: Undefined property: App\Controllers\Home::$session
in APPPATH\Controllers\Home.php on line 59.
 1 APPPATH\Controllers\Home.php(59): CodeIgniter\Debug\Exceptions->errorHandler(2, 'Undefined property: App\\Controllers\\Home::$session', 'C:\\xampp\\htdocs\\equrban-lrt\\app\\Controllers\\Home.php', 59)
 2 SYSTEMPATH\CodeIgniter.php(941): App\Controllers\Home->do_login()
 3 SYSTEMPATH\CodeIgniter.php(502): CodeIgniter\CodeIgniter->runController(Object(App\Controllers\Home))
 4 SYSTEMPATH\CodeIgniter.php(361): CodeIgniter\CodeIgniter->handleRequest(null, Object(Config\Cache), false)
 5 FCPATH\index.php(79): CodeIgniter\CodeIgniter->run()
CRITICAL - 2024-03-22 09:14:11 --> ErrorException: Undefined property: App\Controllers\Home::$session
in APPPATH\Controllers\Home.php on line 59.
 1 APPPATH\Controllers\Home.php(59): CodeIgniter\Debug\Exceptions->errorHandler(2, 'Undefined property: App\\Controllers\\Home::$session', 'C:\\xampp\\htdocs\\equrban-lrt\\app\\Controllers\\Home.php', 59)
 2 SYSTEMPATH\CodeIgniter.php(941): App\Controllers\Home->do_login()
 3 SYSTEMPATH\CodeIgniter.php(502): CodeIgniter\CodeIgniter->runController(Object(App\Controllers\Home))
 4 SYSTEMPATH\CodeIgniter.php(361): CodeIgniter\CodeIgniter->handleRequest(null, Object(Config\Cache), false)
 5 FCPATH\index.php(79): CodeIgniter\CodeIgniter->run()
CRITICAL - 2024-03-22 09:14:51 --> ErrorException: Undefined property: App\Controllers\Home::$session
in APPPATH\Controllers\Home.php on line 59.
 1 APPPATH\Controllers\Home.php(59): CodeIgniter\Debug\Exceptions->errorHandler(2, 'Undefined property: App\\Controllers\\Home::$session', 'C:\\xampp\\htdocs\\equrban-lrt\\app\\Controllers\\Home.php', 59)
 2 SYSTEMPATH\CodeIgniter.php(941): App\Controllers\Home->do_login()
 3 SYSTEMPATH\CodeIgniter.php(502): CodeIgniter\CodeIgniter->runController(Object(App\Controllers\Home))
 4 SYSTEMPATH\CodeIgniter.php(361): CodeIgniter\CodeIgniter->handleRequest(null, Object(Config\Cache), false)
 5 FCPATH\index.php(79): CodeIgniter\CodeIgniter->run()
CRITICAL - 2024-03-22 09:15:20 --> ErrorException: Undefined property: App\Controllers\Home::$session
in APPPATH\Controllers\Home.php on line 59.
 1 APPPATH\Controllers\Home.php(59): CodeIgniter\Debug\Exceptions->errorHandler(2, 'Undefined property: App\\Controllers\\Home::$session', 'C:\\xampp\\htdocs\\equrban-lrt\\app\\Controllers\\Home.php', 59)
 2 SYSTEMPATH\CodeIgniter.php(941): App\Controllers\Home->do_login()
 3 SYSTEMPATH\CodeIgniter.php(502): CodeIgniter\CodeIgniter->runController(Object(App\Controllers\Home))
 4 SYSTEMPATH\CodeIgniter.php(361): CodeIgniter\CodeIgniter->handleRequest(null, Object(Config\Cache), false)
 5 FCPATH\index.php(79): CodeIgniter\CodeIgniter->run()
CRITICAL - 2024-03-22 09:16:18 --> ErrorException: Undefined property: App\Controllers\Home::$session
in APPPATH\Controllers\Home.php on line 59.
 1 APPPATH\Controllers\Home.php(59): CodeIgniter\Debug\Exceptions->errorHandler(2, 'Undefined property: App\\Controllers\\Home::$session', 'C:\\xampp\\htdocs\\equrban-lrt\\app\\Controllers\\Home.php', 59)
 2 SYSTEMPATH\CodeIgniter.php(941): App\Controllers\Home->do_login()
 3 SYSTEMPATH\CodeIgniter.php(502): CodeIgniter\CodeIgniter->runController(Object(App\Controllers\Home))
 4 SYSTEMPATH\CodeIgniter.php(361): CodeIgniter\CodeIgniter->handleRequest(null, Object(Config\Cache), false)
 5 FCPATH\index.php(79): CodeIgniter\CodeIgniter->run()
CRITICAL - 2024-03-22 09:18:08 --> ErrorException: Undefined property: App\Controllers\Home::$session
in APPPATH\Controllers\Home.php on line 58.
 1 APPPATH\Controllers\Home.php(58): CodeIgniter\Debug\Exceptions->errorHandler(2, 'Undefined property: App\\Controllers\\Home::$session', 'C:\\xampp\\htdocs\\equrban-lrt\\app\\Controllers\\Home.php', 58)
 2 SYSTEMPATH\CodeIgniter.php(941): App\Controllers\Home->do_login()
 3 SYSTEMPATH\CodeIgniter.php(502): CodeIgniter\CodeIgniter->runController(Object(App\Controllers\Home))
 4 SYSTEMPATH\CodeIgniter.php(361): CodeIgniter\CodeIgniter->handleRequest(null, Object(Config\Cache), false)
 5 FCPATH\index.php(79): CodeIgniter\CodeIgniter->run()
CRITICAL - 2024-03-22 09:19:36 --> ErrorException: Undefined property: App\Controllers\Home::$input
in APPPATH\Controllers\Home.php on line 58.
 1 APPPATH\Controllers\Home.php(58): CodeIgniter\Debug\Exceptions->errorHandler(2, 'Undefined property: App\\Controllers\\Home::$input', 'C:\\xampp\\htdocs\\equrban-lrt\\app\\Controllers\\Home.php', 58)
 2 SYSTEMPATH\CodeIgniter.php(941): App\Controllers\Home->do_login()
 3 SYSTEMPATH\CodeIgniter.php(502): CodeIgniter\CodeIgniter->runController(Object(App\Controllers\Home))
 4 SYSTEMPATH\CodeIgniter.php(361): CodeIgniter\CodeIgniter->handleRequest(null, Object(Config\Cache), false)
 5 FCPATH\index.php(79): CodeIgniter\CodeIgniter->run()
CRITICAL - 2024-03-22 09:26:01 --> ErrorException: Undefined variable $isset
in APPPATH\Controllers\Home.php on line 68.
 1 APPPATH\Controllers\Home.php(68): CodeIgniter\Debug\Exceptions->errorHandler(2, 'Undefined variable $isset', 'C:\\xampp\\htdocs\\equrban-lrt\\app\\Controllers\\Home.php', 68)
 2 SYSTEMPATH\CodeIgniter.php(941): App\Controllers\Home->do_login()
 3 SYSTEMPATH\CodeIgniter.php(502): CodeIgniter\CodeIgniter->runController(Object(App\Controllers\Home))
 4 SYSTEMPATH\CodeIgniter.php(361): CodeIgniter\CodeIgniter->handleRequest(null, Object(Config\Cache), false)
 5 FCPATH\index.php(79): CodeIgniter\CodeIgniter->run()
CRITICAL - 2024-03-22 09:29:43 --> ErrorException: Undefined property: App\Controllers\Home::$input
in APPPATH\Controllers\Home.php on line 68.
 1 APPPATH\Controllers\Home.php(68): CodeIgniter\Debug\Exceptions->errorHandler(2, 'Undefined property: App\\Controllers\\Home::$input', 'C:\\xampp\\htdocs\\equrban-lrt\\app\\Controllers\\Home.php', 68)
 2 SYSTEMPATH\CodeIgniter.php(941): App\Controllers\Home->do_login()
 3 SYSTEMPATH\CodeIgniter.php(502): CodeIgniter\CodeIgniter->runController(Object(App\Controllers\Home))
 4 SYSTEMPATH\CodeIgniter.php(361): CodeIgniter\CodeIgniter->handleRequest(null, Object(Config\Cache), false)
 5 FCPATH\index.php(79): CodeIgniter\CodeIgniter->run()
CRITICAL - 2024-03-22 09:32:34 --> ErrorException: Undefined variable $request
in APPPATH\Controllers\Home.php on line 68.
 1 APPPATH\Controllers\Home.php(68): CodeIgniter\Debug\Exceptions->errorHandler(2, 'Undefined variable $request', 'C:\\xampp\\htdocs\\equrban-lrt\\app\\Controllers\\Home.php', 68)
 2 SYSTEMPATH\CodeIgniter.php(941): App\Controllers\Home->do_login()
 3 SYSTEMPATH\CodeIgniter.php(502): CodeIgniter\CodeIgniter->runController(Object(App\Controllers\Home))
 4 SYSTEMPATH\CodeIgniter.php(361): CodeIgniter\CodeIgniter->handleRequest(null, Object(Config\Cache), false)
 5 FCPATH\index.php(79): CodeIgniter\CodeIgniter->run()
CRITICAL - 2024-03-22 09:32:54 --> ErrorException: Undefined property: App\Controllers\Home::$input
in APPPATH\Controllers\Home.php on line 68.
 1 APPPATH\Controllers\Home.php(68): CodeIgniter\Debug\Exceptions->errorHandler(2, 'Undefined property: App\\Controllers\\Home::$input', 'C:\\xampp\\htdocs\\equrban-lrt\\app\\Controllers\\Home.php', 68)
 2 SYSTEMPATH\CodeIgniter.php(941): App\Controllers\Home->do_login()
 3 SYSTEMPATH\CodeIgniter.php(502): CodeIgniter\CodeIgniter->runController(Object(App\Controllers\Home))
 4 SYSTEMPATH\CodeIgniter.php(361): CodeIgniter\CodeIgniter->handleRequest(null, Object(Config\Cache), false)
 5 FCPATH\index.php(79): CodeIgniter\CodeIgniter->run()
CRITICAL - 2024-03-22 09:37:44 --> CodeIgniter\HTTP\Exceptions\HTTPException: The route for "home::index" cannot be found.
in SYSTEMPATH\HTTP\RedirectResponse.php on line 62.
 1 SYSTEMPATH\HTTP\RedirectResponse.php(62): CodeIgniter\HTTP\Exceptions\HTTPException::forInvalidRedirectRoute('home::index')
 2 SYSTEMPATH\Common.php(864): CodeIgniter\HTTP\RedirectResponse->route(false)
 3 APPPATH\Controllers\Home.php(86): redirect('home::index')
 4 SYSTEMPATH\CodeIgniter.php(941): App\Controllers\Home->do_login()
 5 SYSTEMPATH\CodeIgniter.php(502): CodeIgniter\CodeIgniter->runController(Object(App\Controllers\Home))
 6 SYSTEMPATH\CodeIgniter.php(361): CodeIgniter\CodeIgniter->handleRequest(null, Object(Config\Cache), false)
 7 FCPATH\index.php(79): CodeIgniter\CodeIgniter->run()
CRITICAL - 2024-03-22 09:38:30 --> CodeIgniter\HTTP\Exceptions\HTTPException: The route for "http://localhost/equrban-lrt/" cannot be found.
in SYSTEMPATH\HTTP\RedirectResponse.php on line 62.
 1 SYSTEMPATH\HTTP\RedirectResponse.php(62): CodeIgniter\HTTP\Exceptions\HTTPException::forInvalidRedirectRoute('http://localhost/equrban-lrt/')
 2 SYSTEMPATH\Common.php(864): CodeIgniter\HTTP\RedirectResponse->route(false)
 3 APPPATH\Controllers\Home.php(86): redirect('http://localhost/equrban-lrt/')
 4 SYSTEMPATH\CodeIgniter.php(941): App\Controllers\Home->do_login()
 5 SYSTEMPATH\CodeIgniter.php(502): CodeIgniter\CodeIgniter->runController(Object(App\Controllers\Home))
 6 SYSTEMPATH\CodeIgniter.php(361): CodeIgniter\CodeIgniter->handleRequest(null, Object(Config\Cache), false)
 7 FCPATH\index.php(79): CodeIgniter\CodeIgniter->run()
CRITICAL - 2024-03-22 09:39:32 --> CodeIgniter\View\Exceptions\ViewException: Invalid file: "home.php"
in SYSTEMPATH\Exceptions\FrameworkException.php on line 39.
 1 SYSTEMPATH\View\View.php(216): CodeIgniter\Exceptions\FrameworkException::forInvalidFile('home.php')
 2 SYSTEMPATH\Common.php(1178): CodeIgniter\View\View->render('home', [], true)
 3 APPPATH\Controllers\Home.php(86): view('home')
 4 SYSTEMPATH\CodeIgniter.php(941): App\Controllers\Home->do_login()
 5 SYSTEMPATH\CodeIgniter.php(502): CodeIgniter\CodeIgniter->runController(Object(App\Controllers\Home))
 6 SYSTEMPATH\CodeIgniter.php(361): CodeIgniter\CodeIgniter->handleRequest(null, Object(Config\Cache), false)
 7 FCPATH\index.php(79): CodeIgniter\CodeIgniter->run()
CRITICAL - 2024-03-22 09:51:26 --> ErrorException: Undefined property: App\Controllers\Home::$input
in APPPATH\Controllers\Home.php on line 21.
 1 APPPATH\Controllers\Home.php(21): CodeIgniter\Debug\Exceptions->errorHandler(2, 'Undefined property: App\\Controllers\\Home::$input', 'C:\\xampp\\htdocs\\equrban-lrt\\app\\Controllers\\Home.php', 21)
 2 APPPATH\Controllers\Home.php(70): App\Controllers\Home->check_account('awd@awd.co', 'awd')
 3 SYSTEMPATH\CodeIgniter.php(941): App\Controllers\Home->do_login()
 4 SYSTEMPATH\CodeIgniter.php(502): CodeIgniter\CodeIgniter->runController(Object(App\Controllers\Home))
 5 SYSTEMPATH\CodeIgniter.php(361): CodeIgniter\CodeIgniter->handleRequest(null, Object(Config\Cache), false)
 6 FCPATH\index.php(79): CodeIgniter\CodeIgniter->run()
CRITICAL - 2024-03-22 09:53:02 --> Error: Class "App\Models\m_login" not found
in APPPATH\Controllers\Home.php on line 27.
 1 APPPATH\Controllers\Home.php(70): App\Controllers\Home->check_account('', '')
 2 SYSTEMPATH\CodeIgniter.php(941): App\Controllers\Home->do_login()
 3 SYSTEMPATH\CodeIgniter.php(502): CodeIgniter\CodeIgniter->runController(Object(App\Controllers\Home))
 4 SYSTEMPATH\CodeIgniter.php(361): CodeIgniter\CodeIgniter->handleRequest(null, Object(Config\Cache), false)
 5 FCPATH\index.php(79): CodeIgniter\CodeIgniter->run()
CRITICAL - 2024-03-22 09:53:10 --> Error: Class "App\Models\m_login" not found
in APPPATH\Controllers\Home.php on line 27.
 1 APPPATH\Controllers\Home.php(70): App\Controllers\Home->check_account('adminlrt@gmail.com', 'admin')
 2 SYSTEMPATH\CodeIgniter.php(941): App\Controllers\Home->do_login()
 3 SYSTEMPATH\CodeIgniter.php(502): CodeIgniter\CodeIgniter->runController(Object(App\Controllers\Home))
 4 SYSTEMPATH\CodeIgniter.php(361): CodeIgniter\CodeIgniter->handleRequest(null, Object(Config\Cache), false)
 5 FCPATH\index.php(79): CodeIgniter\CodeIgniter->run()
CRITICAL - 2024-03-22 09:55:20 --> Error: Class "App\Models\m_login" not found
in APPPATH\Controllers\Home.php on line 27.
 1 APPPATH\Controllers\Home.php(70): App\Controllers\Home->check_account('adminlrt@gmail.com', 'admin')
 2 SYSTEMPATH\CodeIgniter.php(941): App\Controllers\Home->do_login()
 3 SYSTEMPATH\CodeIgniter.php(502): CodeIgniter\CodeIgniter->runController(Object(App\Controllers\Home))
 4 SYSTEMPATH\CodeIgniter.php(361): CodeIgniter\CodeIgniter->handleRequest(null, Object(Config\Cache), false)
 5 FCPATH\index.php(79): CodeIgniter\CodeIgniter->run()
CRITICAL - 2024-03-22 09:57:26 --> ErrorException: Undefined property: App\Controllers\Home::$m_login
in APPPATH\Controllers\Home.php on line 27.
 1 APPPATH\Controllers\Home.php(27): CodeIgniter\Debug\Exceptions->errorHandler(2, 'Undefined property: App\\Controllers\\Home::$m_login', 'C:\\xampp\\htdocs\\equrban-lrt\\app\\Controllers\\Home.php', 27)
 2 APPPATH\Controllers\Home.php(70): App\Controllers\Home->check_account('adminlrt@gmail.com', 'admin')
 3 SYSTEMPATH\CodeIgniter.php(941): App\Controllers\Home->do_login()
 4 SYSTEMPATH\CodeIgniter.php(502): CodeIgniter\CodeIgniter->runController(Object(App\Controllers\Home))
 5 SYSTEMPATH\CodeIgniter.php(361): CodeIgniter\CodeIgniter->handleRequest(null, Object(Config\Cache), false)
 6 FCPATH\index.php(79): CodeIgniter\CodeIgniter->run()
CRITICAL - 2024-03-22 09:59:38 --> Error: Class "App\Controllers\LoginModel" not found
in APPPATH\Controllers\Home.php on line 26.
 1 APPPATH\Controllers\Home.php(71): App\Controllers\Home->check_account('adminlrt@gmail.com', 'admin')
 2 SYSTEMPATH\CodeIgniter.php(941): App\Controllers\Home->do_login()
 3 SYSTEMPATH\CodeIgniter.php(502): CodeIgniter\CodeIgniter->runController(Object(App\Controllers\Home))
 4 SYSTEMPATH\CodeIgniter.php(361): CodeIgniter\CodeIgniter->handleRequest(null, Object(Config\Cache), false)
 5 FCPATH\index.php(79): CodeIgniter\CodeIgniter->run()
CRITICAL - 2024-03-22 10:01:26 --> Error: Class "App\Models\m_login" not found
in APPPATH\Controllers\Home.php on line 26.
 1 APPPATH\Controllers\Home.php(71): App\Controllers\Home->check_account('adminlrt@gmail.com', '')
 2 SYSTEMPATH\CodeIgniter.php(941): App\Controllers\Home->do_login()
 3 SYSTEMPATH\CodeIgniter.php(502): CodeIgniter\CodeIgniter->runController(Object(App\Controllers\Home))
 4 SYSTEMPATH\CodeIgniter.php(361): CodeIgniter\CodeIgniter->handleRequest(null, Object(Config\Cache), false)
 5 FCPATH\index.php(79): CodeIgniter\CodeIgniter->run()
CRITICAL - 2024-03-22 10:03:37 --> Error: Class "App\Models\m_login" not found
in APPPATH\Controllers\Home.php on line 26.
 1 APPPATH\Controllers\Home.php(71): App\Controllers\Home->check_account('adminlrt@gmail.com', 'admin')
 2 SYSTEMPATH\CodeIgniter.php(941): App\Controllers\Home->do_login()
 3 SYSTEMPATH\CodeIgniter.php(502): CodeIgniter\CodeIgniter->runController(Object(App\Controllers\Home))
 4 SYSTEMPATH\CodeIgniter.php(361): CodeIgniter\CodeIgniter->handleRequest(null, Object(Config\Cache), false)
 5 FCPATH\index.php(79): CodeIgniter\CodeIgniter->run()
CRITICAL - 2024-03-22 10:06:23 --> Error: Class "App\Models\LoginModel" not found
in APPPATH\Controllers\Home.php on line 27.
 1 APPPATH\Controllers\Home.php(72): App\Controllers\Home->check_account('adminlrt@gmail.com', 'awd')
 2 SYSTEMPATH\CodeIgniter.php(941): App\Controllers\Home->do_login()
 3 SYSTEMPATH\CodeIgniter.php(502): CodeIgniter\CodeIgniter->runController(Object(App\Controllers\Home))
 4 SYSTEMPATH\CodeIgniter.php(361): CodeIgniter\CodeIgniter->handleRequest(null, Object(Config\Cache), false)
 5 FCPATH\index.php(79): CodeIgniter\CodeIgniter->run()
CRITICAL - 2024-03-22 10:09:13 --> Error: Call to undefined method CodeIgniter\Database\MySQLi\Connection::where()
in APPPATH\Models\m_login.php on line 21.
 1 APPPATH\Controllers\Home.php(27): App\Models\m_login->auth('adminlrt@gmail.com')
 2 APPPATH\Controllers\Home.php(74): App\Controllers\Home->check_account('adminlrt@gmail.com', 'admi')
 3 SYSTEMPATH\CodeIgniter.php(941): App\Controllers\Home->do_login()
 4 SYSTEMPATH\CodeIgniter.php(502): CodeIgniter\CodeIgniter->runController(Object(App\Controllers\Home))
 5 SYSTEMPATH\CodeIgniter.php(361): CodeIgniter\CodeIgniter->handleRequest(null, Object(Config\Cache), false)
 6 FCPATH\index.php(79): CodeIgniter\CodeIgniter->run()
ERROR - 2024-03-22 10:21:22 --> mysqli_sql_exception: You have an error in your SQL syntax; check the manual that corresponds to your MariaDB server version for the right syntax to use near '@kai.id LIMIT 1' at line 1 in C:\xampp\htdocs\equrban-lrt\system\Database\MySQLi\Connection.php:306
Stack trace:
#0 C:\xampp\htdocs\equrban-lrt\system\Database\MySQLi\Connection.php(306): mysqli->query('SELECT * FROM t...', 0)
#1 C:\xampp\htdocs\equrban-lrt\system\Database\BaseConnection.php(693): CodeIgniter\Database\MySQLi\Connection->execute('SELECT * FROM t...')
#2 C:\xampp\htdocs\equrban-lrt\system\Database\BaseConnection.php(607): CodeIgniter\Database\BaseConnection->simpleQuery('SELECT * FROM t...')
#3 C:\xampp\htdocs\equrban-lrt\app\Models\m_login.php(21): CodeIgniter\Database\BaseConnection->query('SELECT * FROM t...')
#4 C:\xampp\htdocs\equrban-lrt\app\Controllers\Home.php(27): App\Models\m_login->auth('adminlrt@kai.id')
#5 C:\xampp\htdocs\equrban-lrt\app\Controllers\Home.php(74): App\Controllers\Home->check_account('adminlrt@kai.id', 'admin')
#6 C:\xampp\htdocs\equrban-lrt\system\CodeIgniter.php(941): App\Controllers\Home->do_login()
#7 C:\xampp\htdocs\equrban-lrt\system\CodeIgniter.php(502): CodeIgniter\CodeIgniter->runController(Object(App\Controllers\Home))
#8 C:\xampp\htdocs\equrban-lrt\system\CodeIgniter.php(361): CodeIgniter\CodeIgniter->handleRequest(NULL, Object(Config\Cache), false)
#9 C:\xampp\htdocs\equrban-lrt\index.php(79): CodeIgniter\CodeIgniter->run()
#10 {main}
CRITICAL - 2024-03-22 10:21:22 --> CodeIgniter\Database\Exceptions\DatabaseException: You have an error in your SQL syntax; check the manual that corresponds to your MariaDB server version for the right syntax to use near '@kai.id LIMIT 1' at line 1
in SYSTEMPATH\Database\BaseConnection.php on line 647.
 1 APPPATH\Models\m_login.php(21): CodeIgniter\Database\BaseConnection->query('SELECT * FROM tb_auth WHERE email = adminlrt@kai.id LIMIT 1')
 2 APPPATH\Controllers\Home.php(27): App\Models\m_login->auth('adminlrt@kai.id')
 3 APPPATH\Controllers\Home.php(74): App\Controllers\Home->check_account('adminlrt@kai.id', 'admin')
 4 SYSTEMPATH\CodeIgniter.php(941): App\Controllers\Home->do_login()
 5 SYSTEMPATH\CodeIgniter.php(502): CodeIgniter\CodeIgniter->runController(Object(App\Controllers\Home))
 6 SYSTEMPATH\CodeIgniter.php(361): CodeIgniter\CodeIgniter->handleRequest(null, Object(Config\Cache), false)
 7 FCPATH\index.php(79): CodeIgniter\CodeIgniter->run()
CRITICAL - 2024-03-22 10:21:22 --> [Caused by] CodeIgniter\Database\Exceptions\DatabaseException: You have an error in your SQL syntax; check the manual that corresponds to your MariaDB server version for the right syntax to use near '@kai.id LIMIT 1' at line 1
in SYSTEMPATH\Database\MySQLi\Connection.php on line 311.
 1 SYSTEMPATH\Database\BaseConnection.php(693): CodeIgniter\Database\MySQLi\Connection->execute('SELECT * FROM tb_auth WHERE email = adminlrt@kai.id LIMIT 1')
 2 SYSTEMPATH\Database\BaseConnection.php(607): CodeIgniter\Database\BaseConnection->simpleQuery('SELECT * FROM tb_auth WHERE email = adminlrt@kai.id LIMIT 1')
 3 APPPATH\Models\m_login.php(21): CodeIgniter\Database\BaseConnection->query('SELECT * FROM tb_auth WHERE email = adminlrt@kai.id LIMIT 1')
 4 APPPATH\Controllers\Home.php(27): App\Models\m_login->auth('adminlrt@kai.id')
 5 APPPATH\Controllers\Home.php(74): App\Controllers\Home->check_account('adminlrt@kai.id', 'admin')
 6 SYSTEMPATH\CodeIgniter.php(941): App\Controllers\Home->do_login()
 7 SYSTEMPATH\CodeIgniter.php(502): CodeIgniter\CodeIgniter->runController(Object(App\Controllers\Home))
 8 SYSTEMPATH\CodeIgniter.php(361): CodeIgniter\CodeIgniter->handleRequest(null, Object(Config\Cache), false)
 9 FCPATH\index.php(79): CodeIgniter\CodeIgniter->run()
CRITICAL - 2024-03-22 10:21:22 --> [Caused by] mysqli_sql_exception: You have an error in your SQL syntax; check the manual that corresponds to your MariaDB server version for the right syntax to use near '@kai.id LIMIT 1' at line 1
in SYSTEMPATH\Database\MySQLi\Connection.php on line 306.
 1 SYSTEMPATH\Database\MySQLi\Connection.php(306): mysqli->query('SELECT * FROM tb_auth WHERE email = adminlrt@kai.id LIMIT 1', 0)
 2 SYSTEMPATH\Database\BaseConnection.php(693): CodeIgniter\Database\MySQLi\Connection->execute('SELECT * FROM tb_auth WHERE email = adminlrt@kai.id LIMIT 1')
 3 SYSTEMPATH\Database\BaseConnection.php(607): CodeIgniter\Database\BaseConnection->simpleQuery('SELECT * FROM tb_auth WHERE email = adminlrt@kai.id LIMIT 1')
 4 APPPATH\Models\m_login.php(21): CodeIgniter\Database\BaseConnection->query('SELECT * FROM tb_auth WHERE email = adminlrt@kai.id LIMIT 1')
 5 APPPATH\Controllers\Home.php(27): App\Models\m_login->auth('adminlrt@kai.id')
 6 APPPATH\Controllers\Home.php(74): App\Controllers\Home->check_account('adminlrt@kai.id', 'admin')
 7 SYSTEMPATH\CodeIgniter.php(941): App\Controllers\Home->do_login()
 8 SYSTEMPATH\CodeIgniter.php(502): CodeIgniter\CodeIgniter->runController(Object(App\Controllers\Home))
 9 SYSTEMPATH\CodeIgniter.php(361): CodeIgniter\CodeIgniter->handleRequest(null, Object(Config\Cache), false)
10 FCPATH\index.php(79): CodeIgniter\CodeIgniter->run()
CRITICAL - 2024-03-22 10:21:53 --> ErrorException: Undefined property: stdClass::$title
in APPPATH\Models\m_login.php on line 25.
 1 APPPATH\Models\m_login.php(25): CodeIgniter\Debug\Exceptions->errorHandler(2, 'Undefined property: stdClass::$title', 'C:\\xampp\\htdocs\\equrban-lrt\\app\\Models\\m_login.php', 25)
 2 APPPATH\Controllers\Home.php(27): App\Models\m_login->auth('adminlrt@kai.id')
 3 APPPATH\Controllers\Home.php(74): App\Controllers\Home->check_account('adminlrt@kai.id', 'admin')
 4 SYSTEMPATH\CodeIgniter.php(941): App\Controllers\Home->do_login()
 5 SYSTEMPATH\CodeIgniter.php(502): CodeIgniter\CodeIgniter->runController(Object(App\Controllers\Home))
 6 SYSTEMPATH\CodeIgniter.php(361): CodeIgniter\CodeIgniter->handleRequest(null, Object(Config\Cache), false)
 7 FCPATH\index.php(79): CodeIgniter\CodeIgniter->run()
CRITICAL - 2024-03-22 10:22:10 --> ErrorException: Undefined property: stdClass::$name
in APPPATH\Models\m_login.php on line 26.
 1 APPPATH\Models\m_login.php(26): CodeIgniter\Debug\Exceptions->errorHandler(2, 'Undefined property: stdClass::$name', 'C:\\xampp\\htdocs\\equrban-lrt\\app\\Models\\m_login.php', 26)
 2 APPPATH\Controllers\Home.php(27): App\Models\m_login->auth('adminlrt@kai.id')
 3 APPPATH\Controllers\Home.php(74): App\Controllers\Home->check_account('adminlrt@kai.id', 'admin')
 4 SYSTEMPATH\CodeIgniter.php(941): App\Controllers\Home->do_login()
 5 SYSTEMPATH\CodeIgniter.php(502): CodeIgniter\CodeIgniter->runController(Object(App\Controllers\Home))
 6 SYSTEMPATH\CodeIgniter.php(361): CodeIgniter\CodeIgniter->handleRequest(null, Object(Config\Cache), false)
 7 FCPATH\index.php(79): CodeIgniter\CodeIgniter->run()
CRITICAL - 2024-03-22 10:22:18 --> CodeIgniter\HTTP\Exceptions\HTTPException: The route for "home::index" cannot be found.
in SYSTEMPATH\HTTP\RedirectResponse.php on line 62.
 1 SYSTEMPATH\HTTP\RedirectResponse.php(62): CodeIgniter\HTTP\Exceptions\HTTPException::forInvalidRedirectRoute('home::index')
 2 SYSTEMPATH\Common.php(864): CodeIgniter\HTTP\RedirectResponse->route(false)
 3 APPPATH\Controllers\Home.php(87): redirect('home::index')
 4 SYSTEMPATH\CodeIgniter.php(941): App\Controllers\Home->do_login()
 5 SYSTEMPATH\CodeIgniter.php(502): CodeIgniter\CodeIgniter->runController(Object(App\Controllers\Home))
 6 SYSTEMPATH\CodeIgniter.php(361): CodeIgniter\CodeIgniter->handleRequest(null, Object(Config\Cache), false)
 7 FCPATH\index.php(79): CodeIgniter\CodeIgniter->run()
CRITICAL - 2024-03-22 10:23:11 --> ErrorException: Array to string conversion
in APPPATH\Models\m_login.php on line 24.
 1 APPPATH\Models\m_login.php(24): CodeIgniter\Debug\Exceptions->errorHandler(2, 'Array to string conversion', 'C:\\xampp\\htdocs\\equrban-lrt\\app\\Models\\m_login.php', 24)
 2 APPPATH\Controllers\Home.php(27): App\Models\m_login->auth('adminlrt@kai.id')
 3 APPPATH\Controllers\Home.php(74): App\Controllers\Home->check_account('adminlrt@kai.id', 'awd')
 4 SYSTEMPATH\CodeIgniter.php(941): App\Controllers\Home->do_login()
 5 SYSTEMPATH\CodeIgniter.php(502): CodeIgniter\CodeIgniter->runController(Object(App\Controllers\Home))
 6 SYSTEMPATH\CodeIgniter.php(361): CodeIgniter\CodeIgniter->handleRequest(null, Object(Config\Cache), false)
 7 FCPATH\index.php(79): CodeIgniter\CodeIgniter->run()
CRITICAL - 2024-03-22 10:23:37 --> Error: Object of class stdClass could not be converted to string
in APPPATH\Models\m_login.php on line 24.
 1 APPPATH\Models\m_login.php(24): implode(', ', [...])
 2 APPPATH\Controllers\Home.php(27): App\Models\m_login->auth('adminlrt@kai.id')
 3 APPPATH\Controllers\Home.php(74): App\Controllers\Home->check_account('adminlrt@kai.id', 'awd')
 4 SYSTEMPATH\CodeIgniter.php(941): App\Controllers\Home->do_login()
 5 SYSTEMPATH\CodeIgniter.php(502): CodeIgniter\CodeIgniter->runController(Object(App\Controllers\Home))
 6 SYSTEMPATH\CodeIgniter.php(361): CodeIgniter\CodeIgniter->handleRequest(null, Object(Config\Cache), false)
 7 FCPATH\index.php(79): CodeIgniter\CodeIgniter->run()
CRITICAL - 2024-03-22 10:23:52 --> CodeIgniter\HTTP\Exceptions\HTTPException: The route for "home::index" cannot be found.
in SYSTEMPATH\HTTP\RedirectResponse.php on line 62.
 1 SYSTEMPATH\HTTP\RedirectResponse.php(62): CodeIgniter\HTTP\Exceptions\HTTPException::forInvalidRedirectRoute('home::index')
 2 SYSTEMPATH\Common.php(864): CodeIgniter\HTTP\RedirectResponse->route(false)
 3 APPPATH\Controllers\Home.php(87): redirect('home::index')
 4 SYSTEMPATH\CodeIgniter.php(941): App\Controllers\Home->do_login()
 5 SYSTEMPATH\CodeIgniter.php(502): CodeIgniter\CodeIgniter->runController(Object(App\Controllers\Home))
 6 SYSTEMPATH\CodeIgniter.php(361): CodeIgniter\CodeIgniter->handleRequest(null, Object(Config\Cache), false)
 7 FCPATH\index.php(79): CodeIgniter\CodeIgniter->run()
CRITICAL - 2024-03-22 10:25:19 --> CodeIgniter\HTTP\Exceptions\HTTPException: The route for "home::index" cannot be found.
in SYSTEMPATH\HTTP\RedirectResponse.php on line 62.
 1 SYSTEMPATH\HTTP\RedirectResponse.php(62): CodeIgniter\HTTP\Exceptions\HTTPException::forInvalidRedirectRoute('home::index')
 2 SYSTEMPATH\Common.php(864): CodeIgniter\HTTP\RedirectResponse->route(false)
 3 APPPATH\Controllers\Home.php(87): redirect('home::index')
 4 SYSTEMPATH\CodeIgniter.php(941): App\Controllers\Home->do_login()
 5 SYSTEMPATH\CodeIgniter.php(502): CodeIgniter\CodeIgniter->runController(Object(App\Controllers\Home))
 6 SYSTEMPATH\CodeIgniter.php(361): CodeIgniter\CodeIgniter->handleRequest(null, Object(Config\Cache), false)
 7 FCPATH\index.php(79): CodeIgniter\CodeIgniter->run()
CRITICAL - 2024-03-22 10:26:43 --> ErrorException: Array to string conversion
in APPPATH\Controllers\Home.php on line 29.
 1 APPPATH\Controllers\Home.php(29): CodeIgniter\Debug\Exceptions->errorHandler(2, 'Array to string conversion', 'C:\\xampp\\htdocs\\equrban-lrt\\app\\Controllers\\Home.php', 29)
 2 APPPATH\Controllers\Home.php(74): App\Controllers\Home->check_account('adminlrt@kai.id', '')
 3 SYSTEMPATH\CodeIgniter.php(941): App\Controllers\Home->do_login()
 4 SYSTEMPATH\CodeIgniter.php(502): CodeIgniter\CodeIgniter->runController(Object(App\Controllers\Home))
 5 SYSTEMPATH\CodeIgniter.php(361): CodeIgniter\CodeIgniter->handleRequest(null, Object(Config\Cache), false)
 6 FCPATH\index.php(79): CodeIgniter\CodeIgniter->run()
CRITICAL - 2024-03-22 10:26:54 --> ErrorException: Array to string conversion
in APPPATH\Controllers\Home.php on line 29.
 1 APPPATH\Controllers\Home.php(29): CodeIgniter\Debug\Exceptions->errorHandler(2, 'Array to string conversion', 'C:\\xampp\\htdocs\\equrban-lrt\\app\\Controllers\\Home.php', 29)
 2 APPPATH\Controllers\Home.php(74): App\Controllers\Home->check_account('adminlrt@kai.id', 'admin')
 3 SYSTEMPATH\CodeIgniter.php(941): App\Controllers\Home->do_login()
 4 SYSTEMPATH\CodeIgniter.php(502): CodeIgniter\CodeIgniter->runController(Object(App\Controllers\Home))
 5 SYSTEMPATH\CodeIgniter.php(361): CodeIgniter\CodeIgniter->handleRequest(null, Object(Config\Cache), false)
 6 FCPATH\index.php(79): CodeIgniter\CodeIgniter->run()
CRITICAL - 2024-03-22 10:27:55 --> Error: Cannot use object of type stdClass as array
in APPPATH\Controllers\Home.php on line 30.
 1 APPPATH\Controllers\Home.php(77): App\Controllers\Home->check_account('adminlrt@kai.id', 'admin')
 2 SYSTEMPATH\CodeIgniter.php(941): App\Controllers\Home->do_login()
 3 SYSTEMPATH\CodeIgniter.php(502): CodeIgniter\CodeIgniter->runController(Object(App\Controllers\Home))
 4 SYSTEMPATH\CodeIgniter.php(361): CodeIgniter\CodeIgniter->handleRequest(null, Object(Config\Cache), false)
 5 FCPATH\index.php(79): CodeIgniter\CodeIgniter->run()
CRITICAL - 2024-03-22 10:28:25 --> CodeIgniter\HTTP\Exceptions\HTTPException: The route for "home::index" cannot be found.
in SYSTEMPATH\HTTP\RedirectResponse.php on line 62.
 1 SYSTEMPATH\HTTP\RedirectResponse.php(62): CodeIgniter\HTTP\Exceptions\HTTPException::forInvalidRedirectRoute('home::index')
 2 SYSTEMPATH\Common.php(864): CodeIgniter\HTTP\RedirectResponse->route(false)
 3 APPPATH\Controllers\Home.php(90): redirect('home::index')
 4 SYSTEMPATH\CodeIgniter.php(941): App\Controllers\Home->do_login()
 5 SYSTEMPATH\CodeIgniter.php(502): CodeIgniter\CodeIgniter->runController(Object(App\Controllers\Home))
 6 SYSTEMPATH\CodeIgniter.php(361): CodeIgniter\CodeIgniter->handleRequest(null, Object(Config\Cache), false)
 7 FCPATH\index.php(79): CodeIgniter\CodeIgniter->run()
CRITICAL - 2024-03-22 10:31:53 --> CodeIgniter\HTTP\Exceptions\HTTPException: The route for "home::index" cannot be found.
in SYSTEMPATH\HTTP\RedirectResponse.php on line 62.
 1 SYSTEMPATH\HTTP\RedirectResponse.php(62): CodeIgniter\HTTP\Exceptions\HTTPException::forInvalidRedirectRoute('home::index')
 2 SYSTEMPATH\Common.php(864): CodeIgniter\HTTP\RedirectResponse->route(false)
 3 APPPATH\Controllers\Home.php(90): redirect('home::index')
 4 SYSTEMPATH\CodeIgniter.php(941): App\Controllers\Home->do_login()
 5 SYSTEMPATH\CodeIgniter.php(502): CodeIgniter\CodeIgniter->runController(Object(App\Controllers\Home))
 6 SYSTEMPATH\CodeIgniter.php(361): CodeIgniter\CodeIgniter->handleRequest(null, Object(Config\Cache), false)
 7 FCPATH\index.php(79): CodeIgniter\CodeIgniter->run()
CRITICAL - 2024-03-22 10:32:54 --> CodeIgniter\HTTP\Exceptions\HTTPException: The route for "home::index" cannot be found.
in SYSTEMPATH\HTTP\RedirectResponse.php on line 62.
 1 SYSTEMPATH\HTTP\RedirectResponse.php(62): CodeIgniter\HTTP\Exceptions\HTTPException::forInvalidRedirectRoute('home::index')
 2 SYSTEMPATH\Common.php(864): CodeIgniter\HTTP\RedirectResponse->route(false)
 3 APPPATH\Controllers\Home.php(88): redirect('home::index')
 4 SYSTEMPATH\CodeIgniter.php(941): App\Controllers\Home->do_login()
 5 SYSTEMPATH\CodeIgniter.php(502): CodeIgniter\CodeIgniter->runController(Object(App\Controllers\Home))
 6 SYSTEMPATH\CodeIgniter.php(361): CodeIgniter\CodeIgniter->handleRequest(null, Object(Config\Cache), false)
 7 FCPATH\index.php(79): CodeIgniter\CodeIgniter->run()
CRITICAL - 2024-03-22 10:33:01 --> CodeIgniter\HTTP\Exceptions\HTTPException: The route for "home::index" cannot be found.
in SYSTEMPATH\HTTP\RedirectResponse.php on line 62.
 1 SYSTEMPATH\HTTP\RedirectResponse.php(62): CodeIgniter\HTTP\Exceptions\HTTPException::forInvalidRedirectRoute('home::index')
 2 SYSTEMPATH\Common.php(864): CodeIgniter\HTTP\RedirectResponse->route(false)
 3 APPPATH\Controllers\Home.php(88): redirect('home::index')
 4 SYSTEMPATH\CodeIgniter.php(941): App\Controllers\Home->do_login()
 5 SYSTEMPATH\CodeIgniter.php(502): CodeIgniter\CodeIgniter->runController(Object(App\Controllers\Home))
 6 SYSTEMPATH\CodeIgniter.php(361): CodeIgniter\CodeIgniter->handleRequest(null, Object(Config\Cache), false)
 7 FCPATH\index.php(79): CodeIgniter\CodeIgniter->run()
CRITICAL - 2024-03-22 10:33:20 --> CodeIgniter\HTTP\Exceptions\HTTPException: The route for "home::index" cannot be found.
in SYSTEMPATH\HTTP\RedirectResponse.php on line 62.
 1 SYSTEMPATH\HTTP\RedirectResponse.php(62): CodeIgniter\HTTP\Exceptions\HTTPException::forInvalidRedirectRoute('home::index')
 2 SYSTEMPATH\Common.php(864): CodeIgniter\HTTP\RedirectResponse->route(false)
 3 APPPATH\Controllers\Home.php(88): redirect('home::index')
 4 SYSTEMPATH\CodeIgniter.php(941): App\Controllers\Home->do_login()
 5 SYSTEMPATH\CodeIgniter.php(502): CodeIgniter\CodeIgniter->runController(Object(App\Controllers\Home))
 6 SYSTEMPATH\CodeIgniter.php(361): CodeIgniter\CodeIgniter->handleRequest(null, Object(Config\Cache), false)
 7 FCPATH\index.php(79): CodeIgniter\CodeIgniter->run()
CRITICAL - 2024-03-22 10:33:48 --> CodeIgniter\HTTP\Exceptions\HTTPException: The route for "home::index" cannot be found.
in SYSTEMPATH\HTTP\RedirectResponse.php on line 62.
 1 SYSTEMPATH\HTTP\RedirectResponse.php(62): CodeIgniter\HTTP\Exceptions\HTTPException::forInvalidRedirectRoute('home::index')
 2 SYSTEMPATH\Common.php(864): CodeIgniter\HTTP\RedirectResponse->route(false)
 3 APPPATH\Controllers\Home.php(88): redirect('home::index')
 4 SYSTEMPATH\CodeIgniter.php(941): App\Controllers\Home->do_login()
 5 SYSTEMPATH\CodeIgniter.php(502): CodeIgniter\CodeIgniter->runController(Object(App\Controllers\Home))
 6 SYSTEMPATH\CodeIgniter.php(361): CodeIgniter\CodeIgniter->handleRequest(null, Object(Config\Cache), false)
 7 FCPATH\index.php(79): CodeIgniter\CodeIgniter->run()
CRITICAL - 2024-03-22 10:34:11 --> Error: Call to undefined method CodeIgniter\HTTP\IncomingRequest::getPosst()
in APPPATH\Controllers\Home.php on line 21.
 1 APPPATH\Controllers\Home.php(75): App\Controllers\Home->check_account('adminlrt@kai.id', '')
 2 SYSTEMPATH\CodeIgniter.php(941): App\Controllers\Home->do_login()
 3 SYSTEMPATH\CodeIgniter.php(502): CodeIgniter\CodeIgniter->runController(Object(App\Controllers\Home))
 4 SYSTEMPATH\CodeIgniter.php(361): CodeIgniter\CodeIgniter->handleRequest(null, Object(Config\Cache), false)
 5 FCPATH\index.php(79): CodeIgniter\CodeIgniter->run()
CRITICAL - 2024-03-22 10:34:31 --> CodeIgniter\HTTP\Exceptions\HTTPException: The route for "home::index" cannot be found.
in SYSTEMPATH\HTTP\RedirectResponse.php on line 62.
 1 SYSTEMPATH\HTTP\RedirectResponse.php(62): CodeIgniter\HTTP\Exceptions\HTTPException::forInvalidRedirectRoute('home::index')
 2 SYSTEMPATH\Common.php(864): CodeIgniter\HTTP\RedirectResponse->route(false)
 3 APPPATH\Controllers\Home.php(89): redirect('home::index')
 4 SYSTEMPATH\CodeIgniter.php(941): App\Controllers\Home->do_login()
 5 SYSTEMPATH\CodeIgniter.php(502): CodeIgniter\CodeIgniter->runController(Object(App\Controllers\Home))
 6 SYSTEMPATH\CodeIgniter.php(361): CodeIgniter\CodeIgniter->handleRequest(null, Object(Config\Cache), false)
 7 FCPATH\index.php(79): CodeIgniter\CodeIgniter->run()
CRITICAL - 2024-03-22 10:36:45 --> CodeIgniter\HTTP\Exceptions\HTTPException: The route for "home::index" cannot be found.
in SYSTEMPATH\HTTP\RedirectResponse.php on line 62.
 1 SYSTEMPATH\HTTP\RedirectResponse.php(62): CodeIgniter\HTTP\Exceptions\HTTPException::forInvalidRedirectRoute('home::index')
 2 SYSTEMPATH\Common.php(864): CodeIgniter\HTTP\RedirectResponse->route(false)
 3 APPPATH\Controllers\Home.php(90): redirect('home::index')
 4 SYSTEMPATH\CodeIgniter.php(941): App\Controllers\Home->do_login()
 5 SYSTEMPATH\CodeIgniter.php(502): CodeIgniter\CodeIgniter->runController(Object(App\Controllers\Home))
 6 SYSTEMPATH\CodeIgniter.php(361): CodeIgniter\CodeIgniter->handleRequest(null, Object(Config\Cache), false)
 7 FCPATH\index.php(79): CodeIgniter\CodeIgniter->run()
CRITICAL - 2024-03-22 10:39:25 --> CodeIgniter\HTTP\Exceptions\HTTPException: The route for "home::index" cannot be found.
in SYSTEMPATH\HTTP\RedirectResponse.php on line 62.
 1 SYSTEMPATH\HTTP\RedirectResponse.php(62): CodeIgniter\HTTP\Exceptions\HTTPException::forInvalidRedirectRoute('home::index')
 2 SYSTEMPATH\Common.php(864): CodeIgniter\HTTP\RedirectResponse->route(false)
 3 APPPATH\Controllers\Home.php(90): redirect('home::index')
 4 SYSTEMPATH\CodeIgniter.php(941): App\Controllers\Home->do_login()
 5 SYSTEMPATH\CodeIgniter.php(502): CodeIgniter\CodeIgniter->runController(Object(App\Controllers\Home))
 6 SYSTEMPATH\CodeIgniter.php(361): CodeIgniter\CodeIgniter->handleRequest(null, Object(Config\Cache), false)
 7 FCPATH\index.php(79): CodeIgniter\CodeIgniter->run()
CRITICAL - 2024-03-22 10:39:36 --> CodeIgniter\HTTP\Exceptions\HTTPException: The route for "home::index" cannot be found.
in SYSTEMPATH\HTTP\RedirectResponse.php on line 62.
 1 SYSTEMPATH\HTTP\RedirectResponse.php(62): CodeIgniter\HTTP\Exceptions\HTTPException::forInvalidRedirectRoute('home::index')
 2 SYSTEMPATH\Common.php(864): CodeIgniter\HTTP\RedirectResponse->route(false)
 3 APPPATH\Controllers\Home.php(90): redirect('home::index')
 4 SYSTEMPATH\CodeIgniter.php(941): App\Controllers\Home->do_login()
 5 SYSTEMPATH\CodeIgniter.php(502): CodeIgniter\CodeIgniter->runController(Object(App\Controllers\Home))
 6 SYSTEMPATH\CodeIgniter.php(361): CodeIgniter\CodeIgniter->handleRequest(null, Object(Config\Cache), false)
 7 FCPATH\index.php(79): CodeIgniter\CodeIgniter->run()
CRITICAL - 2024-03-22 10:40:37 --> CodeIgniter\HTTP\Exceptions\HTTPException: The route for "home::index" cannot be found.
in SYSTEMPATH\HTTP\RedirectResponse.php on line 62.
 1 SYSTEMPATH\HTTP\RedirectResponse.php(62): CodeIgniter\HTTP\Exceptions\HTTPException::forInvalidRedirectRoute('home::index')
 2 SYSTEMPATH\Common.php(864): CodeIgniter\HTTP\RedirectResponse->route(false)
 3 APPPATH\Controllers\Home.php(90): redirect('home::index')
 4 SYSTEMPATH\CodeIgniter.php(941): App\Controllers\Home->do_login()
 5 SYSTEMPATH\CodeIgniter.php(502): CodeIgniter\CodeIgniter->runController(Object(App\Controllers\Home))
 6 SYSTEMPATH\CodeIgniter.php(361): CodeIgniter\CodeIgniter->handleRequest(null, Object(Config\Cache), false)
 7 FCPATH\index.php(79): CodeIgniter\CodeIgniter->run()
CRITICAL - 2024-03-22 14:23:47 --> ErrorException: Undefined property: App\Controllers\Home::$input
in APPPATH\Controllers\Home.php on line 22.
 1 APPPATH\Controllers\Home.php(22): CodeIgniter\Debug\Exceptions->errorHandler(2, 'Undefined property: App\\Controllers\\Home::$input', 'C:\\xampp\\htdocs\\equrban-lrt\\app\\Controllers\\Home.php', 22)
 2 APPPATH\Controllers\Home.php(70): App\Controllers\Home->check_account('', '')
 3 SYSTEMPATH\CodeIgniter.php(941): App\Controllers\Home->do_login()
 4 SYSTEMPATH\CodeIgniter.php(502): CodeIgniter\CodeIgniter->runController(Object(App\Controllers\Home))
 5 SYSTEMPATH\CodeIgniter.php(361): CodeIgniter\CodeIgniter->handleRequest(null, Object(Config\Cache), false)
 6 FCPATH\index.php(79): CodeIgniter\CodeIgniter->run()
CRITICAL - 2024-03-22 14:25:07 --> ErrorException: Undefined property: App\Controllers\Home::$input
in APPPATH\Controllers\Home.php on line 22.
 1 APPPATH\Controllers\Home.php(22): CodeIgniter\Debug\Exceptions->errorHandler(2, 'Undefined property: App\\Controllers\\Home::$input', 'C:\\xampp\\htdocs\\equrban-lrt\\app\\Controllers\\Home.php', 22)
 2 APPPATH\Controllers\Home.php(70): App\Controllers\Home->check_account('admin@gmail.com', 'awd')
 3 SYSTEMPATH\CodeIgniter.php(941): App\Controllers\Home->do_login()
 4 SYSTEMPATH\CodeIgniter.php(502): CodeIgniter\CodeIgniter->runController(Object(App\Controllers\Home))
 5 SYSTEMPATH\CodeIgniter.php(361): CodeIgniter\CodeIgniter->handleRequest(null, Object(Config\Cache), false)
 6 FCPATH\index.php(79): CodeIgniter\CodeIgniter->run()
CRITICAL - 2024-03-22 14:34:44 --> ErrorException: Undefined property: App\Controllers\Home::$input
in APPPATH\Controllers\Home.php on line 22.
 1 APPPATH\Controllers\Home.php(22): CodeIgniter\Debug\Exceptions->errorHandler(2, 'Undefined property: App\\Controllers\\Home::$input', 'C:\\xampp\\htdocs\\equrban-lrt\\app\\Controllers\\Home.php', 22)
 2 APPPATH\Controllers\Home.php(70): App\Controllers\Home->check_account('adminlrt@kai.id', 'admin')
 3 SYSTEMPATH\CodeIgniter.php(941): App\Controllers\Home->do_login()
 4 SYSTEMPATH\CodeIgniter.php(502): CodeIgniter\CodeIgniter->runController(Object(App\Controllers\Home))
 5 SYSTEMPATH\CodeIgniter.php(361): CodeIgniter\CodeIgniter->handleRequest(null, Object(Config\Cache), false)
 6 FCPATH\index.php(79): CodeIgniter\CodeIgniter->run()
CRITICAL - 2024-03-22 14:35:17 --> BadMethodCallException: Call to undefined method App\Models\m_login::check_account
in SYSTEMPATH\Model.php on line 874.
 1 APPPATH\Controllers\Home.php(27): CodeIgniter\Model->__call('check_account', [...])
 2 APPPATH\Controllers\Home.php(70): App\Controllers\Home->check_account('adminlrt@kai.id', 'admin')
 3 SYSTEMPATH\CodeIgniter.php(941): App\Controllers\Home->do_login()
 4 SYSTEMPATH\CodeIgniter.php(502): CodeIgniter\CodeIgniter->runController(Object(App\Controllers\Home))
 5 SYSTEMPATH\CodeIgniter.php(361): CodeIgniter\CodeIgniter->handleRequest(null, Object(Config\Cache), false)
 6 FCPATH\index.php(79): CodeIgniter\CodeIgniter->run()
CRITICAL - 2024-03-22 14:36:12 --> BadMethodCallException: Call to undefined method App\Models\m_login::check_account
in SYSTEMPATH\Model.php on line 874.
 1 APPPATH\Controllers\Home.php(28): CodeIgniter\Model->__call('check_account', [...])
 2 APPPATH\Controllers\Home.php(71): App\Controllers\Home->check_account('adminlrt@kai.id', 'admin')
 3 SYSTEMPATH\CodeIgniter.php(941): App\Controllers\Home->do_login()
 4 SYSTEMPATH\CodeIgniter.php(502): CodeIgniter\CodeIgniter->runController(Object(App\Controllers\Home))
 5 SYSTEMPATH\CodeIgniter.php(361): CodeIgniter\CodeIgniter->handleRequest(null, Object(Config\Cache), false)
 6 FCPATH\index.php(79): CodeIgniter\CodeIgniter->run()
CRITICAL - 2024-03-22 14:36:44 --> BadMethodCallException: Call to undefined method App\Models\m_login::check_account
in SYSTEMPATH\Model.php on line 874.
 1 APPPATH\Controllers\Home.php(28): CodeIgniter\Model->__call('check_account', [...])
 2 APPPATH\Controllers\Home.php(71): App\Controllers\Home->check_account('adminlrt@kai.id', 'admin')
 3 SYSTEMPATH\CodeIgniter.php(941): App\Controllers\Home->do_login()
 4 SYSTEMPATH\CodeIgniter.php(502): CodeIgniter\CodeIgniter->runController(Object(App\Controllers\Home))
 5 SYSTEMPATH\CodeIgniter.php(361): CodeIgniter\CodeIgniter->handleRequest(null, Object(Config\Cache), false)
 6 FCPATH\index.php(79): CodeIgniter\CodeIgniter->run()
CRITICAL - 2024-03-22 14:37:14 --> CodeIgniter\HTTP\Exceptions\HTTPException: The route for "http://localhost/equrban-lrt/" cannot be found.
in SYSTEMPATH\HTTP\RedirectResponse.php on line 62.
 1 SYSTEMPATH\HTTP\RedirectResponse.php(62): CodeIgniter\HTTP\Exceptions\HTTPException::forInvalidRedirectRoute('http://localhost/equrban-lrt/')
 2 SYSTEMPATH\Common.php(864): CodeIgniter\HTTP\RedirectResponse->route(false)
 3 APPPATH\Controllers\Home.php(86): redirect('http://localhost/equrban-lrt/')
 4 SYSTEMPATH\CodeIgniter.php(941): App\Controllers\Home->do_login()
 5 SYSTEMPATH\CodeIgniter.php(502): CodeIgniter\CodeIgniter->runController(Object(App\Controllers\Home))
 6 SYSTEMPATH\CodeIgniter.php(361): CodeIgniter\CodeIgniter->handleRequest(null, Object(Config\Cache), false)
 7 FCPATH\index.php(79): CodeIgniter\CodeIgniter->run()
CRITICAL - 2024-03-22 14:37:32 --> CodeIgniter\HTTP\Exceptions\HTTPException: The route for "http://localhost/equrban-lrt/" cannot be found.
in SYSTEMPATH\HTTP\RedirectResponse.php on line 62.
 1 SYSTEMPATH\HTTP\RedirectResponse.php(62): CodeIgniter\HTTP\Exceptions\HTTPException::forInvalidRedirectRoute('http://localhost/equrban-lrt/')
 2 SYSTEMPATH\Common.php(864): CodeIgniter\HTTP\RedirectResponse->route(false)
 3 APPPATH\Controllers\Home.php(86): redirect('http://localhost/equrban-lrt/')
 4 SYSTEMPATH\CodeIgniter.php(941): App\Controllers\Home->do_login()
 5 SYSTEMPATH\CodeIgniter.php(502): CodeIgniter\CodeIgniter->runController(Object(App\Controllers\Home))
 6 SYSTEMPATH\CodeIgniter.php(361): CodeIgniter\CodeIgniter->handleRequest(null, Object(Config\Cache), false)
 7 FCPATH\index.php(79): CodeIgniter\CodeIgniter->run()
CRITICAL - 2024-03-22 14:40:30 --> CodeIgniter\HTTP\Exceptions\HTTPException: The route for "home/do_login" cannot be found.
in SYSTEMPATH\HTTP\RedirectResponse.php on line 62.
 1 SYSTEMPATH\HTTP\RedirectResponse.php(62): CodeIgniter\HTTP\Exceptions\HTTPException::forInvalidRedirectRoute('home/do_login')
 2 SYSTEMPATH\Common.php(864): CodeIgniter\HTTP\RedirectResponse->route(false)
 3 APPPATH\Controllers\Home.php(86): redirect('home/do_login')
 4 SYSTEMPATH\CodeIgniter.php(941): App\Controllers\Home->do_login()
 5 SYSTEMPATH\CodeIgniter.php(502): CodeIgniter\CodeIgniter->runController(Object(App\Controllers\Home))
 6 SYSTEMPATH\CodeIgniter.php(361): CodeIgniter\CodeIgniter->handleRequest(null, Object(Config\Cache), false)
 7 FCPATH\index.php(79): CodeIgniter\CodeIgniter->run()
